<?xml version="1.0" encoding="UTF-8"?>
<testng-results ignored="0" total="1" passed="1" failed="0" skipped="0">
  <reporter-output>
  </reporter-output>
  <suite started-at="2022-03-19T19:19:00Z" name="Default suite" finished-at="2022-03-19T19:19:09Z" duration-ms="8760">
    <groups>
    </groups>
    <test started-at="2022-03-19T19:19:00Z" name="Default test" finished-at="2022-03-19T19:19:09Z" duration-ms="8760">
      <class name="Exercise_Topic_04_05_Xpath_CSS.Login">
        <test-method is-config="true" signature="beforeClass()[pri:0, instance:Exercise_Topic_04_05_Xpath_CSS.Login@f99f5e0]" started-at="2022-03-19T19:19:00Z" name="beforeClass" finished-at="2022-03-19T19:19:01Z" duration-ms="919" status="PASS">
          <reporter-output>
          </reporter-output>
        </test-method> <!-- beforeClass -->
        <test-method signature="TC04_Login_with_incorrect_email_and_incorrect_password()[pri:0, instance:Exercise_Topic_04_05_Xpath_CSS.Login@f99f5e0]" started-at="2022-03-19T19:19:01Z" name="TC04_Login_with_incorrect_email_and_incorrect_password" finished-at="2022-03-19T19:19:09Z" duration-ms="7714" status="PASS">
          <reporter-output>
          </reporter-output>
        </test-method> <!-- TC04_Login_with_incorrect_email_and_incorrect_password -->
        <test-method is-config="true" signature="afterClass()[pri:0, instance:Exercise_Topic_04_05_Xpath_CSS.Login@f99f5e0]" started-at="2022-03-19T19:19:09Z" name="afterClass" finished-at="2022-03-19T19:19:09Z" duration-ms="116" status="PASS">
          <reporter-output>
          </reporter-output>
        </test-method> <!-- afterClass -->
      </class> <!-- Exercise_Topic_04_05_Xpath_CSS.Login -->
    </test> <!-- Default test -->
  </suite> <!-- Default suite -->
</testng-results>
